{"contracts/lpToken.sol":{"l":{"11":36},"path":"/Users/xanthus/Desktop/MasterChief/contracts/lpToken.sol","s":{"1":36},"b":{"1":[36,0]},"f":{"1":6,"2":36},"fnMap":{"1":{"name":"constructor","line":8,"loc":{"start":{"line":8,"column":4},"end":{"line":8,"column":43}}},"2":{"name":"mint","line":10,"loc":{"start":{"line":10,"column":4},"end":{"line":12,"column":4}}}},"statementMap":{"1":{"start":{"line":11,"column":8},"end":{"line":11,"column":24}}},"branchMap":{"1":{"line":10,"type":"if","locations":[{"start":{"line":10,"column":53},"end":{"line":10,"column":53}},{"start":{"line":10,"column":53},"end":{"line":10,"column":53}}]}}},"contracts/MasterChef.sol":{"l":{"84":6,"85":6,"86":6,"87":6,"93":4,"99":6,"105":2,"108":2,"117":48,"118":42,"120":48,"121":48,"122":48,"123":48,"129":48,"130":48,"142":4,"143":2,"145":4,"146":4,"147":4,"148":4,"158":6,"159":4,"161":6,"162":6,"171":8,"172":8,"173":6,"174":6,"175":6,"176":6,"177":2,"178":2,"179":2,"181":6,"211":2,"212":2,"228":2,"281":2,"292":2,"293":2,"299":2,"300":2,"306":2,"307":2,"313":2,"314":2,"318":2,"322":50,"323":50,"324":50,"325":6,"333":4,"337":32,"338":32,"339":0,"341":32,"342":32,"343":28,"344":28,"346":4,"347":4,"348":4,"349":4,"354":14,"355":14,"356":12,"364":16,"365":16,"366":16,"367":16,"368":16,"369":0,"374":16,"375":14,"376":12,"378":14,"379":14,"380":14,"381":14,"382":8,"388":6,"395":6,"396":6,"397":6,"398":6,"399":4,"400":4,"404":4,"405":2,"406":2,"408":4,"409":4,"414":2,"415":2,"416":2,"417":2,"418":2,"419":2,"420":2,"421":2,"427":2,"428":2,"429":2,"430":2,"431":2,"435":2},"path":"/Users/xanthus/Desktop/MasterChief/contracts/MasterChef.sol","s":{"1":6,"2":4,"3":6,"4":2,"5":2,"6":48,"7":42,"8":48,"9":48,"10":48,"11":48,"12":4,"13":2,"14":4,"15":4,"16":6,"17":4,"18":6,"19":8,"20":8,"21":6,"22":6,"23":6,"24":6,"25":2,"26":2,"27":6,"28":2,"29":2,"30":2,"31":2,"32":2,"33":2,"34":2,"35":2,"36":2,"37":50,"38":50,"39":6,"40":4,"41":32,"42":32,"43":0,"44":32,"45":32,"46":28,"47":4,"48":4,"49":14,"50":14,"51":12,"52":16,"53":16,"54":16,"55":16,"56":16,"57":0,"58":16,"59":14,"60":14,"61":14,"62":6,"63":6,"64":6,"65":6,"66":6,"67":4,"68":4,"69":4,"70":2,"71":4,"72":2,"73":2,"74":2,"75":2,"76":2,"77":2,"78":2,"79":2,"80":2,"81":2},"b":{"1":[2,2],"2":[2,0],"3":[0,2],"4":[48,2],"5":[48,0],"6":[42,6],"7":[48,0],"8":[4,2],"9":[4,0],"10":[2,2],"11":[6,2],"12":[6,0],"13":[4,2],"14":[2,4],"15":[2,2],"16":[2,0],"17":[2,2],"18":[2,0],"19":[2,2],"20":[2,0],"21":[2,2],"22":[2,0],"23":[2,0],"24":[4,0],"25":[0,32],"26":[28,4],"27":[12,0],"28":[16,0],"29":[0,16],"30":[14,2],"31":[8,6],"32":[4,2],"33":[2,2]},"f":{"1":6,"2":4,"3":6,"4":2,"5":48,"6":4,"7":6,"8":8,"9":2,"10":2,"11":2,"12":2,"13":2,"14":2,"15":2,"16":2,"17":50,"18":4,"19":32,"20":14,"21":16,"22":6,"23":6,"24":2,"25":2},"fnMap":{"1":{"name":"constructor","line":80,"loc":{"start":{"line":80,"column":4},"end":{"line":88,"column":4}}},"2":{"name":"getPoolsCount","line":92,"loc":{"start":{"line":92,"column":4},"end":{"line":94,"column":4}}},"3":{"name":"getNarfexLeft","line":98,"loc":{"start":{"line":98,"column":4},"end":{"line":100,"column":4}}},"4":{"name":"withdrawNarfex","line":104,"loc":{"start":{"line":104,"column":4},"end":{"line":109,"column":4}}},"5":{"name":"add","line":115,"loc":{"start":{"line":115,"column":4},"end":{"line":135,"column":4}}},"6":{"name":"set","line":141,"loc":{"start":{"line":141,"column":4},"end":{"line":152,"column":4}}},"7":{"name":"setRewardPerBlock","line":157,"loc":{"start":{"line":157,"column":4},"end":{"line":163,"column":4}}},"8":{"name":"getUserReward","line":170,"loc":{"start":{"line":170,"column":4},"end":{"line":182,"column":4}}},"9":{"name":"getUserPoolSize","line":210,"loc":{"start":{"line":210,"column":4},"end":{"line":213,"column":4}}},"10":{"name":"getSettings","line":221,"loc":{"start":{"line":221,"column":4},"end":{"line":235,"column":4}}},"11":{"name":"getPoolUserData","line":275,"loc":{"start":{"line":275,"column":4},"end":{"line":287,"column":4}}},"12":{"name":"setEarlyHarvestCommissionInterval","line":291,"loc":{"start":{"line":291,"column":4},"end":{"line":294,"column":4}}},"13":{"name":"setHarvestInterval","line":298,"loc":{"start":{"line":298,"column":4},"end":{"line":301,"column":4}}},"14":{"name":"setEarlyHarvestCommission","line":305,"loc":{"start":{"line":305,"column":4},"end":{"line":308,"column":4}}},"15":{"name":"setReferralPercent","line":312,"loc":{"start":{"line":312,"column":4},"end":{"line":315,"column":4}}},"16":{"name":"massUpdatePools","line":317,"loc":{"start":{"line":317,"column":4},"end":{"line":319,"column":4}}},"17":{"name":"_massUpdatePools","line":321,"loc":{"start":{"line":321,"column":4},"end":{"line":328,"column":4}}},"18":{"name":"updatePool","line":332,"loc":{"start":{"line":332,"column":4},"end":{"line":334,"column":4}}},"19":{"name":"_updatePool","line":336,"loc":{"start":{"line":336,"column":4},"end":{"line":350,"column":4}}},"20":{"name":"_safeTransferFromCheckingBalance","line":353,"loc":{"start":{"line":353,"column":4},"end":{"line":357,"column":4}}},"21":{"name":"deposit","line":363,"loc":{"start":{"line":363,"column":4},"end":{"line":384,"column":4}}},"22":{"name":"depositWithoutRefer","line":387,"loc":{"start":{"line":387,"column":4},"end":{"line":389,"column":4}}},"23":{"name":"withdraw","line":394,"loc":{"start":{"line":394,"column":4},"end":{"line":410,"column":4}}},"24":{"name":"emergencyWithdraw","line":413,"loc":{"start":{"line":413,"column":4},"end":{"line":422,"column":4}}},"25":{"name":"harvest","line":426,"loc":{"start":{"line":426,"column":4},"end":{"line":436,"column":4}}}},"statementMap":{"1":{"start":{"line":86,"column":8},"end":{"line":86,"column":46}},"2":{"start":{"line":93,"column":8},"end":{"line":93,"column":30}},"3":{"start":{"line":99,"column":8},"end":{"line":99,"column":51}},"4":{"start":{"line":105,"column":8},"end":{"line":105,"column":4582}},"5":{"start":{"line":108,"column":8},"end":{"line":108,"column":60}},"6":{"start":{"line":117,"column":8},"end":{"line":117,"column":5031}},"7":{"start":{"line":118,"column":12},"end":{"line":118,"column":29}},"8":{"start":{"line":120,"column":8},"end":{"line":120,"column":87}},"9":{"start":{"line":122,"column":8},"end":{"line":122,"column":52}},"10":{"start":{"line":123,"column":8},"end":{"line":123,"column":5302}},"11":{"start":{"line":130,"column":8},"end":{"line":130,"column":5557}},"12":{"start":{"line":142,"column":8},"end":{"line":142,"column":5989}},"13":{"start":{"line":143,"column":12},"end":{"line":143,"column":29}},"14":{"start":{"line":146,"column":8},"end":{"line":146,"column":52}},"15":{"start":{"line":148,"column":8},"end":{"line":148,"column":6248}},"16":{"start":{"line":158,"column":8},"end":{"line":158,"column":6634}},"17":{"start":{"line":159,"column":12},"end":{"line":159,"column":29}},"18":{"start":{"line":162,"column":8},"end":{"line":162,"column":39}},"19":{"start":{"line":171,"column":8},"end":{"line":171,"column":43}},"20":{"start":{"line":172,"column":8},"end":{"line":172,"column":46}},"21":{"start":{"line":173,"column":8},"end":{"line":173,"column":53}},"22":{"start":{"line":174,"column":8},"end":{"line":174,"column":58}},"23":{"start":{"line":175,"column":8},"end":{"line":175,"column":66}},"24":{"start":{"line":176,"column":8},"end":{"line":176,"column":7380}},"25":{"start":{"line":177,"column":12},"end":{"line":177,"column":64}},"26":{"start":{"line":178,"column":12},"end":{"line":178,"column":88}},"27":{"start":{"line":181,"column":8},"end":{"line":181,"column":96}},"28":{"start":{"line":211,"column":8},"end":{"line":211,"column":43}},"29":{"start":{"line":212,"column":8},"end":{"line":212,"column":43}},"30":{"start":{"line":228,"column":8},"end":{"line":228,"column":9890}},"31":{"start":{"line":281,"column":8},"end":{"line":281,"column":11798}},"32":{"start":{"line":293,"column":8},"end":{"line":293,"column":56}},"33":{"start":{"line":300,"column":8},"end":{"line":300,"column":41}},"34":{"start":{"line":307,"column":8},"end":{"line":307,"column":48}},"35":{"start":{"line":314,"column":8},"end":{"line":314,"column":41}},"36":{"start":{"line":318,"column":8},"end":{"line":318,"column":25}},"37":{"start":{"line":322,"column":8},"end":{"line":322,"column":40}},"38":{"start":{"line":324,"column":12},"end":{"line":324,"column":13411}},"39":{"start":{"line":325,"column":16},"end":{"line":325,"column":31}},"40":{"start":{"line":333,"column":8},"end":{"line":333,"column":24}},"41":{"start":{"line":337,"column":8},"end":{"line":337,"column":46}},"42":{"start":{"line":338,"column":8},"end":{"line":338,"column":13825}},"43":{"start":{"line":339,"column":12},"end":{"line":339,"column":18}},"44":{"start":{"line":341,"column":8},"end":{"line":341,"column":66}},"45":{"start":{"line":342,"column":8},"end":{"line":342,"column":13975}},"46":{"start":{"line":344,"column":12},"end":{"line":344,"column":18}},"47":{"start":{"line":346,"column":8},"end":{"line":346,"column":60}},"48":{"start":{"line":347,"column":8},"end":{"line":347,"column":84}},"49":{"start":{"line":354,"column":8},"end":{"line":354,"column":51}},"50":{"start":{"line":355,"column":8},"end":{"line":355,"column":47}},"51":{"start":{"line":356,"column":8},"end":{"line":356,"column":89}},"52":{"start":{"line":364,"column":8},"end":{"line":364,"column":43}},"53":{"start":{"line":365,"column":8},"end":{"line":365,"column":46}},"54":{"start":{"line":366,"column":8},"end":{"line":366,"column":58}},"55":{"start":{"line":367,"column":8},"end":{"line":367,"column":24}},"56":{"start":{"line":368,"column":8},"end":{"line":368,"column":15348}},"57":{"start":{"line":369,"column":12},"end":{"line":369,"column":116}},"58":{"start":{"line":374,"column":8},"end":{"line":374,"column":15618}},"59":{"start":{"line":375,"column":12},"end":{"line":375,"column":103}},"60":{"start":{"line":380,"column":8},"end":{"line":380,"column":47}},"61":{"start":{"line":381,"column":8},"end":{"line":381,"column":15971}},"62":{"start":{"line":388,"column":8},"end":{"line":388,"column":49}},"63":{"start":{"line":395,"column":8},"end":{"line":395,"column":43}},"64":{"start":{"line":396,"column":8},"end":{"line":396,"column":46}},"65":{"start":{"line":397,"column":8},"end":{"line":397,"column":58}},"66":{"start":{"line":398,"column":8},"end":{"line":398,"column":56}},"67":{"start":{"line":399,"column":8},"end":{"line":399,"column":24}},"68":{"start":{"line":400,"column":8},"end":{"line":400,"column":112}},"69":{"start":{"line":404,"column":8},"end":{"line":404,"column":17041}},"70":{"start":{"line":406,"column":12},"end":{"line":406,"column":68}},"71":{"start":{"line":409,"column":8},"end":{"line":409,"column":48}},"72":{"start":{"line":414,"column":8},"end":{"line":414,"column":43}},"73":{"start":{"line":415,"column":8},"end":{"line":415,"column":46}},"74":{"start":{"line":416,"column":8},"end":{"line":416,"column":58}},"75":{"start":{"line":417,"column":8},"end":{"line":417,"column":68}},"76":{"start":{"line":418,"column":8},"end":{"line":418,"column":61}},"77":{"start":{"line":427,"column":8},"end":{"line":427,"column":43}},"78":{"start":{"line":428,"column":8},"end":{"line":428,"column":46}},"79":{"start":{"line":429,"column":8},"end":{"line":429,"column":58}},"80":{"start":{"line":430,"column":8},"end":{"line":430,"column":24}},"81":{"start":{"line":431,"column":8},"end":{"line":431,"column":112}}},"branchMap":{"1":{"line":104,"type":"if","locations":[{"start":{"line":104,"column":51},"end":{"line":104,"column":51}},{"start":{"line":104,"column":51},"end":{"line":104,"column":51}}]},"2":{"line":104,"type":"if","locations":[{"start":{"line":104,"column":61},"end":{"line":104,"column":61}},{"start":{"line":104,"column":61},"end":{"line":104,"column":61}}]},"3":{"line":106,"type":"if","locations":[{"start":{"line":106,"column":14},"end":{"line":106,"column":20}},{"start":{"line":107,"column":14},"end":{"line":107,"column":28}}]},"4":{"line":115,"type":"if","locations":[{"start":{"line":115,"column":85},"end":{"line":115,"column":85}},{"start":{"line":115,"column":85},"end":{"line":115,"column":85}}]},"5":{"line":115,"type":"if","locations":[{"start":{"line":115,"column":95},"end":{"line":115,"column":95}},{"start":{"line":115,"column":95},"end":{"line":115,"column":95}}]},"6":{"line":117,"type":"if","locations":[{"start":{"line":117,"column":8},"end":{"line":117,"column":8}},{"start":{"line":117,"column":8},"end":{"line":117,"column":8}}]},"7":{"line":120,"type":"if","locations":[{"start":{"line":120,"column":62},"end":{"line":120,"column":73}},{"start":{"line":120,"column":77},"end":{"line":120,"column":86}}]},"8":{"line":141,"type":"if","locations":[{"start":{"line":141,"column":79},"end":{"line":141,"column":79}},{"start":{"line":141,"column":79},"end":{"line":141,"column":79}}]},"9":{"line":141,"type":"if","locations":[{"start":{"line":141,"column":89},"end":{"line":141,"column":89}},{"start":{"line":141,"column":89},"end":{"line":141,"column":89}}]},"10":{"line":142,"type":"if","locations":[{"start":{"line":142,"column":8},"end":{"line":142,"column":8}},{"start":{"line":142,"column":8},"end":{"line":142,"column":8}}]},"11":{"line":157,"type":"if","locations":[{"start":{"line":157,"column":75},"end":{"line":157,"column":75}},{"start":{"line":157,"column":75},"end":{"line":157,"column":75}}]},"12":{"line":157,"type":"if","locations":[{"start":{"line":157,"column":85},"end":{"line":157,"column":85}},{"start":{"line":157,"column":85},"end":{"line":157,"column":85}}]},"13":{"line":158,"type":"if","locations":[{"start":{"line":158,"column":8},"end":{"line":158,"column":8}},{"start":{"line":158,"column":8},"end":{"line":158,"column":8}}]},"14":{"line":176,"type":"if","locations":[{"start":{"line":176,"column":8},"end":{"line":176,"column":8}},{"start":{"line":176,"column":8},"end":{"line":176,"column":8}}]},"15":{"line":291,"type":"if","locations":[{"start":{"line":291,"column":71},"end":{"line":291,"column":71}},{"start":{"line":291,"column":71},"end":{"line":291,"column":71}}]},"16":{"line":291,"type":"if","locations":[{"start":{"line":291,"column":81},"end":{"line":291,"column":81}},{"start":{"line":291,"column":81},"end":{"line":291,"column":81}}]},"17":{"line":298,"type":"if","locations":[{"start":{"line":298,"column":56},"end":{"line":298,"column":56}},{"start":{"line":298,"column":56},"end":{"line":298,"column":56}}]},"18":{"line":298,"type":"if","locations":[{"start":{"line":298,"column":66},"end":{"line":298,"column":66}},{"start":{"line":298,"column":66},"end":{"line":298,"column":66}}]},"19":{"line":305,"type":"if","locations":[{"start":{"line":305,"column":63},"end":{"line":305,"column":63}},{"start":{"line":305,"column":63},"end":{"line":305,"column":63}}]},"20":{"line":305,"type":"if","locations":[{"start":{"line":305,"column":73},"end":{"line":305,"column":73}},{"start":{"line":305,"column":73},"end":{"line":305,"column":73}}]},"21":{"line":312,"type":"if","locations":[{"start":{"line":312,"column":56},"end":{"line":312,"column":56}},{"start":{"line":312,"column":56},"end":{"line":312,"column":56}}]},"22":{"line":312,"type":"if","locations":[{"start":{"line":312,"column":66},"end":{"line":312,"column":66}},{"start":{"line":312,"column":66},"end":{"line":312,"column":66}}]},"23":{"line":317,"type":"if","locations":[{"start":{"line":317,"column":40},"end":{"line":317,"column":40}},{"start":{"line":317,"column":40},"end":{"line":317,"column":40}}]},"24":{"line":332,"type":"if","locations":[{"start":{"line":332,"column":47},"end":{"line":332,"column":47}},{"start":{"line":332,"column":47},"end":{"line":332,"column":47}}]},"25":{"line":338,"type":"if","locations":[{"start":{"line":338,"column":8},"end":{"line":338,"column":8}},{"start":{"line":338,"column":8},"end":{"line":338,"column":8}}]},"26":{"line":342,"type":"if","locations":[{"start":{"line":342,"column":8},"end":{"line":342,"column":8}},{"start":{"line":342,"column":8},"end":{"line":342,"column":8}}]},"27":{"line":356,"type":"if","locations":[{"start":{"line":356,"column":8},"end":{"line":356,"column":8}},{"start":{"line":356,"column":8},"end":{"line":356,"column":8}}]},"28":{"line":363,"type":"if","locations":[{"start":{"line":363,"column":86},"end":{"line":363,"column":86}},{"start":{"line":363,"column":86},"end":{"line":363,"column":86}}]},"29":{"line":368,"type":"if","locations":[{"start":{"line":368,"column":8},"end":{"line":368,"column":8}},{"start":{"line":368,"column":8},"end":{"line":368,"column":8}}]},"30":{"line":374,"type":"if","locations":[{"start":{"line":374,"column":8},"end":{"line":374,"column":8}},{"start":{"line":374,"column":8},"end":{"line":374,"column":8}}]},"31":{"line":381,"type":"if","locations":[{"start":{"line":381,"column":8},"end":{"line":381,"column":8}},{"start":{"line":381,"column":8},"end":{"line":381,"column":8}}]},"32":{"line":398,"type":"if","locations":[{"start":{"line":398,"column":8},"end":{"line":398,"column":8}},{"start":{"line":398,"column":8},"end":{"line":398,"column":8}}]},"33":{"line":404,"type":"if","locations":[{"start":{"line":404,"column":8},"end":{"line":404,"column":8}},{"start":{"line":404,"column":8},"end":{"line":404,"column":8}}]}}},"contracts/Narfex.sol":{"l":{"11":0},"path":"/Users/xanthus/Desktop/MasterChief/contracts/Narfex.sol","s":{"1":0},"b":{"1":[0,0]},"f":{"1":0,"2":0},"fnMap":{"1":{"name":"constructor","line":8,"loc":{"start":{"line":8,"column":4},"end":{"line":8,"column":42}}},"2":{"name":"mint","line":10,"loc":{"start":{"line":10,"column":4},"end":{"line":12,"column":4}}}},"statementMap":{"1":{"start":{"line":11,"column":8},"end":{"line":11,"column":24}}},"branchMap":{"1":{"line":10,"type":"if","locations":[{"start":{"line":10,"column":53},"end":{"line":10,"column":53}},{"start":{"line":10,"column":53},"end":{"line":10,"column":53}}]}}}}