TN:
SF:/Users/xanthus/Desktop/MasterChief/contracts/lpToken.sol
FN:8,constructor
FN:10,mint
FNF:2
FNH:2
FNDA:6,constructor
FNDA:36,mint
DA:11,36
LF:1
LH:1
BRDA:10,1,0,36
BRDA:10,1,1,0
BRF:2
BRH:1
end_of_record
TN:
SF:/Users/xanthus/Desktop/MasterChief/contracts/MasterChef.sol
FN:80,constructor
FN:92,getPoolsCount
FN:98,getNarfexLeft
FN:104,withdrawNarfex
FN:115,add
FN:141,set
FN:157,setRewardPerBlock
FN:170,getUserReward
FN:210,getUserPoolSize
FN:221,getSettings
FN:275,getPoolUserData
FN:291,setEarlyHarvestCommissionInterval
FN:298,setHarvestInterval
FN:305,setEarlyHarvestCommission
FN:312,setReferralPercent
FN:317,massUpdatePools
FN:321,_massUpdatePools
FN:332,updatePool
FN:336,_updatePool
FN:353,_safeTransferFromCheckingBalance
FN:363,deposit
FN:387,depositWithoutRefer
FN:394,withdraw
FN:413,emergencyWithdraw
FN:426,harvest
FNF:25
FNH:25
FNDA:6,constructor
FNDA:4,getPoolsCount
FNDA:6,getNarfexLeft
FNDA:2,withdrawNarfex
FNDA:48,add
FNDA:4,set
FNDA:6,setRewardPerBlock
FNDA:8,getUserReward
FNDA:2,getUserPoolSize
FNDA:2,getSettings
FNDA:2,getPoolUserData
FNDA:2,setEarlyHarvestCommissionInterval
FNDA:2,setHarvestInterval
FNDA:2,setEarlyHarvestCommission
FNDA:2,setReferralPercent
FNDA:2,massUpdatePools
FNDA:50,_massUpdatePools
FNDA:4,updatePool
FNDA:32,_updatePool
FNDA:14,_safeTransferFromCheckingBalance
FNDA:16,deposit
FNDA:6,depositWithoutRefer
FNDA:6,withdraw
FNDA:2,emergencyWithdraw
FNDA:2,harvest
DA:84,6
DA:85,6
DA:86,6
DA:87,6
DA:93,4
DA:99,6
DA:105,2
DA:108,2
DA:117,48
DA:118,42
DA:120,48
DA:121,48
DA:122,48
DA:123,48
DA:129,48
DA:130,48
DA:142,4
DA:143,2
DA:145,4
DA:146,4
DA:147,4
DA:148,4
DA:158,6
DA:159,4
DA:161,6
DA:162,6
DA:171,8
DA:172,8
DA:173,6
DA:174,6
DA:175,6
DA:176,6
DA:177,2
DA:178,2
DA:179,2
DA:181,6
DA:211,2
DA:212,2
DA:228,2
DA:281,2
DA:292,2
DA:293,2
DA:299,2
DA:300,2
DA:306,2
DA:307,2
DA:313,2
DA:314,2
DA:318,2
DA:322,50
DA:323,50
DA:324,50
DA:325,6
DA:333,4
DA:337,32
DA:338,32
DA:339,0
DA:341,32
DA:342,32
DA:343,28
DA:344,28
DA:346,4
DA:347,4
DA:348,4
DA:349,4
DA:354,14
DA:355,14
DA:356,12
DA:364,16
DA:365,16
DA:366,16
DA:367,16
DA:368,16
DA:369,0
DA:374,16
DA:375,14
DA:376,12
DA:378,14
DA:379,14
DA:380,14
DA:381,14
DA:382,8
DA:388,6
DA:395,6
DA:396,6
DA:397,6
DA:398,6
DA:399,4
DA:400,4
DA:404,4
DA:405,2
DA:406,2
DA:408,4
DA:409,4
DA:414,2
DA:415,2
DA:416,2
DA:417,2
DA:418,2
DA:419,2
DA:420,2
DA:421,2
DA:427,2
DA:428,2
DA:429,2
DA:430,2
DA:431,2
DA:435,2
LF:108
LH:106
BRDA:104,1,0,2
BRDA:104,1,1,2
BRDA:104,2,0,2
BRDA:104,2,1,0
BRDA:106,3,0,0
BRDA:106,3,1,2
BRDA:115,4,0,48
BRDA:115,4,1,2
BRDA:115,5,0,48
BRDA:115,5,1,0
BRDA:117,6,0,42
BRDA:117,6,1,6
BRDA:120,7,0,48
BRDA:120,7,1,0
BRDA:141,8,0,4
BRDA:141,8,1,2
BRDA:141,9,0,4
BRDA:141,9,1,0
BRDA:142,10,0,2
BRDA:142,10,1,2
BRDA:157,11,0,6
BRDA:157,11,1,2
BRDA:157,12,0,6
BRDA:157,12,1,0
BRDA:158,13,0,4
BRDA:158,13,1,2
BRDA:176,14,0,2
BRDA:176,14,1,4
BRDA:291,15,0,2
BRDA:291,15,1,2
BRDA:291,16,0,2
BRDA:291,16,1,0
BRDA:298,17,0,2
BRDA:298,17,1,2
BRDA:298,18,0,2
BRDA:298,18,1,0
BRDA:305,19,0,2
BRDA:305,19,1,2
BRDA:305,20,0,2
BRDA:305,20,1,0
BRDA:312,21,0,2
BRDA:312,21,1,2
BRDA:312,22,0,2
BRDA:312,22,1,0
BRDA:317,23,0,2
BRDA:317,23,1,0
BRDA:332,24,0,4
BRDA:332,24,1,0
BRDA:338,25,0,0
BRDA:338,25,1,32
BRDA:342,26,0,28
BRDA:342,26,1,4
BRDA:356,27,0,12
BRDA:356,27,1,0
BRDA:363,28,0,16
BRDA:363,28,1,0
BRDA:368,29,0,0
BRDA:368,29,1,16
BRDA:374,30,0,14
BRDA:374,30,1,2
BRDA:381,31,0,8
BRDA:381,31,1,6
BRDA:398,32,0,4
BRDA:398,32,1,2
BRDA:404,33,0,2
BRDA:404,33,1,2
BRF:66
BRH:50
end_of_record
TN:
SF:/Users/xanthus/Desktop/MasterChief/contracts/Narfex.sol
FN:8,constructor
FN:10,mint
FNF:2
FNH:0
FNDA:0,constructor
FNDA:0,mint
DA:11,0
LF:1
LH:0
BRDA:10,1,0,0
BRDA:10,1,1,0
BRF:2
BRH:0
end_of_record
